time="2026-02-19T13:59:41+05:00" level=debug msg="OpenShift Installer 4.21.1"
time="2026-02-19T13:59:41+05:00" level=debug msg="Built from commit 2c105c33e9e373b6e66c9ef8814f78a72539ae53"
time="2026-02-19T13:59:41+05:00" level=debug msg="Fetching Install Config..."
time="2026-02-19T13:59:41+05:00" level=debug msg="Loading Install Config..."
time="2026-02-19T13:59:41+05:00" level=debug msg="  Loading SSH Key..."
time="2026-02-19T13:59:41+05:00" level=debug msg="  Loading Base Domain..."
time="2026-02-19T13:59:41+05:00" level=debug msg="    Loading Platform..."
time="2026-02-19T13:59:41+05:00" level=debug msg="  Loading Cluster Name..."
time="2026-02-19T13:59:41+05:00" level=debug msg="    Loading Base Domain..."
time="2026-02-19T13:59:41+05:00" level=debug msg="    Loading Platform..."
time="2026-02-19T13:59:41+05:00" level=debug msg="  Loading Pull Secret..."
time="2026-02-19T13:59:41+05:00" level=debug msg="  Loading Platform..."
time="2026-02-19T13:59:41+05:00" level=debug msg="  Fetching SSH Key..."
time="2026-02-19T13:59:41+05:00" level=debug msg="  Generating SSH Key..."
time="2026-02-19T13:59:41+05:00" level=debug msg="  Fetching Base Domain..."
time="2026-02-19T13:59:41+05:00" level=debug msg="    Fetching Platform..."
time="2026-02-19T13:59:41+05:00" level=debug msg="    Generating Platform..."
time="2026-02-19T14:04:16+05:00" level=debug msg="  Generating Base Domain..."
time="2026-02-19T14:04:16+05:00" level=fatal msg="failed to fetch Install Config: failed to fetch dependency of \"Install Config\": failed to generate asset \"Base Domain\": failed UserInput: interrupt"
time="2026-02-19T14:04:19+05:00" level=debug msg="OpenShift Installer 4.21.1"
time="2026-02-19T14:04:19+05:00" level=debug msg="Built from commit 2c105c33e9e373b6e66c9ef8814f78a72539ae53"
time="2026-02-19T14:04:19+05:00" level=debug msg="Fetching Install Config..."
time="2026-02-19T14:04:19+05:00" level=debug msg="Loading Install Config..."
time="2026-02-19T14:04:19+05:00" level=debug msg="  Loading SSH Key..."
time="2026-02-19T14:04:19+05:00" level=debug msg="  Loading Base Domain..."
time="2026-02-19T14:04:19+05:00" level=debug msg="    Loading Platform..."
time="2026-02-19T14:04:19+05:00" level=debug msg="  Loading Cluster Name..."
time="2026-02-19T14:04:19+05:00" level=debug msg="    Loading Base Domain..."
time="2026-02-19T14:04:19+05:00" level=debug msg="    Loading Platform..."
time="2026-02-19T14:04:19+05:00" level=debug msg="  Loading Pull Secret..."
time="2026-02-19T14:04:19+05:00" level=debug msg="  Loading Platform..."
time="2026-02-19T14:04:19+05:00" level=debug msg="  Fetching SSH Key..."
time="2026-02-19T14:04:19+05:00" level=debug msg="  Generating SSH Key..."
time="2026-02-19T14:04:19+05:00" level=debug msg="  Fetching Base Domain..."
time="2026-02-19T14:04:19+05:00" level=debug msg="    Fetching Platform..."
time="2026-02-19T14:04:19+05:00" level=debug msg="    Generating Platform..."
time="2026-02-19T14:50:01+05:00" level=debug msg="  Generating Base Domain..."
time="2026-02-19T14:50:02+05:00" level=fatal msg="failed to fetch Install Config: failed to fetch dependency of \"Install Config\": failed to generate asset \"Base Domain\": failed UserInput: interrupt"
